\BOOKMARK [1][-]{section*.2}{\300 propos de cette publication}{}% 1
\BOOKMARK [2][-]{section*.3}{Pourquoi les objets connect\351s?}{section*.2}% 2
\BOOKMARK [2][-]{section*.4}{Qui sommes-nous?}{section*.2}% 3
\BOOKMARK [2][-]{section*.5}{Liens utiles}{section*.2}% 4
\BOOKMARK [1][-]{section*.6}{\300 propos de la carte Micro:bit}{}% 5
\BOOKMARK [2][-]{section*.7}{Bref historique}{section*.6}% 6
\BOOKMARK [2][-]{section*.8}{La carte Micro:bit}{section*.6}% 7
\BOOKMARK [2][-]{section*.9}{Programmer la carte Micro:bit par blocs}{section*.6}% 8
\BOOKMARK [2][-]{section*.15}{Programmer la carte Micro:bit en Python}{section*.6}% 9
\BOOKMARK [1][-]{section*.21}{Borne de satisfaction avec Micro:bit}{}% 10
\BOOKMARK [2][-]{section*.22}{Description}{section*.21}% 11
\BOOKMARK [2][-]{section*.26}{Niveau initiation - Premier mod\350le}{section*.21}% 12
\BOOKMARK [2][-]{section*.29}{Niveau expert - Cumuler les votes}{section*.21}% 13
\BOOKMARK [1][-]{section*.32}{Les fractions avec Micro:bit}{}% 14
\BOOKMARK [2][-]{section*.33}{Description}{section*.32}% 15
\BOOKMARK [2][-]{section*.37}{\311crire une fraction}{section*.32}% 16
\BOOKMARK [2][-]{section*.40}{Afficher une fraction}{section*.32}% 17
\BOOKMARK [2][-]{section*.43}{Somme de fractions}{section*.32}% 18
\BOOKMARK [1][-]{section*.46}{D\351 \340 6 faces avec Micro:bit}{}% 19
\BOOKMARK [2][-]{section*.47}{Description}{section*.46}% 20
\BOOKMARK [2][-]{section*.51}{Niveau simple}{section*.46}% 21
\BOOKMARK [2][-]{section*.54}{Niveau interm\351diaire}{section*.46}% 22
\BOOKMARK [1][-]{section*.57}{Normal ou truqu\351? avec Micro:bit}{}% 23
\BOOKMARK [2][-]{section*.58}{Description}{section*.57}% 24
\BOOKMARK [2][-]{section*.63}{Activit\351}{section*.57}% 25
\BOOKMARK [1][-]{section*.66}{Pile ou face avec Micro:bit}{}% 26
\BOOKMARK [2][-]{section*.67}{Description}{section*.66}% 27
\BOOKMARK [2][-]{section*.71}{Niveau simple}{section*.66}% 28
\BOOKMARK [2][-]{section*.74}{Niveau interm\351diaire}{section*.66}% 29
\BOOKMARK [2][-]{section*.77}{Niveau expert}{section*.66}% 30
\BOOKMARK [1][-]{section*.80}{Fluctuation d'\351chantillonnage avec Micro:bit}{}% 31
\BOOKMARK [2][-]{section*.81}{Description}{section*.80}% 32
\BOOKMARK [2][-]{section*.86}{Niveau prise en main - V\351rifier le mod\350le\203}{section*.80}% 33
\BOOKMARK [2][-]{section*.89}{Niveau interm\351diaire - G\351n\351rer des \351chantillons\203}{section*.80}% 34
\BOOKMARK [2][-]{section*.92}{Niveau avanc\351e - Produire des donn\351es\203}{section*.80}% 35
\BOOKMARK [1][-]{section*.95}{Chutes et oscillations avec Micro:bit}{}% 36
\BOOKMARK [2][-]{section*.96}{Description}{section*.95}% 37
\BOOKMARK [2][-]{section*.100}{Niveau simple}{section*.95}% 38
\BOOKMARK [2][-]{section*.103}{Niveau interm\351diaire}{section*.95}% 39
\BOOKMARK [1][-]{section*.106}{M\351mo Micro:bit \(et python\)}{}% 40
\BOOKMARK [2][-]{section*.107}{Des commandes pour aller plus loin}{section*.106}% 41
\BOOKMARK [1][-]{section*.114}{M\351mo : les blocs principaux Micro:bit}{}% 42
\BOOKMARK [1][-]{section*.115}{Ton premier programme avec Micro:bit}{}% 43
\BOOKMARK [2][-]{section*.116}{Description}{section*.115}% 44
\BOOKMARK [1][-]{section*.125}{Commande de base pour Micro:bit \(et python\)}{}% 45
\BOOKMARK [2][-]{section*.126}{Description}{section*.125}% 46
\BOOKMARK [2][-]{section*.129}{Commandes essentielles}{section*.125}% 47
\BOOKMARK [2][-]{section*.141}{Des commandes pour aller plus loin}{section*.125}% 48
\BOOKMARK [1][-]{section*.148}{Simuler un d\351 avec Micro:bit \(et python\)}{}% 49
\BOOKMARK [2][-]{section*.149}{Description}{section*.148}% 50
\BOOKMARK [2][-]{section*.154}{Niveau initiation}{section*.148}% 51
\BOOKMARK [2][-]{section*.157}{Niveau interm\351diaire}{section*.148}% 52
\BOOKMARK [2][-]{section*.160}{Niveau avanc\351}{section*.148}% 53
\BOOKMARK [1][-]{section*.163}{Pile ou face communicant avec Micro:bit \(et python\)}{}% 54
\BOOKMARK [2][-]{section*.164}{Description}{section*.163}% 55
\BOOKMARK [2][-]{section*.169}{Niveau simple}{section*.163}% 56
\BOOKMARK [2][-]{section*.172}{Niveau Expert}{section*.163}% 57
\BOOKMARK [1][-]{section*.175}{Robot Maqueen et capteur de distance}{}% 58
\BOOKMARK [2][-]{section*.176}{Description}{section*.175}% 59
\BOOKMARK [2][-]{section*.181}{Niveau initiation - Utilisation du capteur de distance \340 ultrasons}{section*.175}% 60
\BOOKMARK [2][-]{section*.184}{Niveau interm\351diaire - \311talonnage du capteur}{section*.175}% 61
\BOOKMARK [2][-]{section*.187}{Niveau expert - Robot autonome}{section*.175}% 62
\BOOKMARK [1][-]{section*.190}{D\351terminer une vitesse avec MBot}{}% 63
\BOOKMARK [2][-]{section*.191}{Description}{section*.190}% 64
\BOOKMARK [2][-]{section*.196}{Niveau initiation - Programmer le d\351placement de MBot}{section*.190}% 65
\BOOKMARK [2][-]{section*.199}{Niveau interm\351diaire - D\351terminer la vitesse de MBot}{section*.190}% 66
\BOOKMARK [1][-]{section*.202}{Vitesse de rotation avec MBot}{}% 67
\BOOKMARK [2][-]{section*.203}{Description}{section*.202}% 68
\BOOKMARK [2][-]{section*.208}{Niveau initiation}{section*.202}% 69
\BOOKMARK [1][-]{section*.211}{Variation de vitesses avec MBot}{}% 70
\BOOKMARK [2][-]{section*.212}{Description}{section*.211}% 71
\BOOKMARK [2][-]{section*.217}{Niveau initiation - Nature du mouvement}{section*.211}% 72
\BOOKMARK [2][-]{section*.219}{Niveau expert - Mouvement d\351c\351l\351r\351}{section*.211}% 73
\BOOKMARK [1][-]{section*.221}{Normal ou truqu\351? avec STM32 \311ducation}{}% 74
\BOOKMARK [2][-]{section*.222}{Description}{section*.221}% 75
\BOOKMARK [2][-]{section*.227}{Activit\351}{section*.221}% 76
\BOOKMARK [1][-]{section*.230}{Pile ou face avec STM32 \311ducation}{}% 77
\BOOKMARK [2][-]{section*.231}{Description}{section*.230}% 78
\BOOKMARK [2][-]{section*.235}{Progression propos\351e}{section*.230}% 79
\BOOKMARK [2][-]{section*.236}{Niveau initiation - Premier mod\350le }{section*.230}% 80
\BOOKMARK [2][-]{section*.239}{Niveau interm\351diaire - Pile ou Face}{section*.230}% 81
\BOOKMARK [2][-]{section*.241}{Notes pour l'enseignant}{section*.230}% 82
\BOOKMARK [2][-]{section*.242}{Niveau interm\351diaire - 16 tirages}{section*.230}% 83
\BOOKMARK [2][-]{section*.244}{Niveau expert - Initialisation}{section*.230}% 84
\BOOKMARK [2][-]{section*.246}{Niveau expert - 32 tirages}{section*.230}% 85
\BOOKMARK [2][-]{section*.248}{Niveau expert - Enregistrer les effectifs}{section*.230}% 86
